Performing C SOURCE FILE Test CMAKE_HAVE_LIBC_PTHREAD failed with the following output:
Change Dir: /home/john/Study/RGB_SLAM/rgbd_slam/part_IV/build/CMakeFiles/CMakeTmp

Run Build Command(s):/usr/bin/make -f Makefile cmTC_ee555/fast && /usr/bin/make  -f CMakeFiles/cmTC_ee555.dir/build.make CMakeFiles/cmTC_ee555.dir/build
make[1]: Entering directory '/home/john/Study/RGB_SLAM/rgbd_slam/part_IV/build/CMakeFiles/CMakeTmp'
Building C object CMakeFiles/cmTC_ee555.dir/src.c.o
/usr/bin/x86_64-linux-gnu-gcc-5 -DCMAKE_HAVE_LIBC_PTHREAD   -o CMakeFiles/cmTC_ee555.dir/src.c.o -c /home/john/Study/RGB_SLAM/rgbd_slam/part_IV/build/CMakeFiles/CMakeTmp/src.c
Linking C executable cmTC_ee555
/usr/local/bin/cmake -E cmake_link_script CMakeFiles/cmTC_ee555.dir/link.txt --verbose=1
/usr/bin/x86_64-linux-gnu-gcc-5 -rdynamic CMakeFiles/cmTC_ee555.dir/src.c.o -o cmTC_ee555 
CMakeFiles/cmTC_ee555.dir/src.c.o：在函数‘main’中：
src.c:(.text+0x3c)：对‘pthread_create’未定义的引用
src.c:(.text+0x48)：对‘pthread_detach’未定义的引用
src.c:(.text+0x54)：对‘pthread_cancel’未定义的引用
src.c:(.text+0x65)：对‘pthread_join’未定义的引用
src.c:(.text+0x79)：对‘pthread_atfork’未定义的引用
collect2: error: ld returned 1 exit status
CMakeFiles/cmTC_ee555.dir/build.make:98: recipe for target 'cmTC_ee555' failed
make[1]: *** [cmTC_ee555] Error 1
make[1]: Leaving directory '/home/john/Study/RGB_SLAM/rgbd_slam/part_IV/build/CMakeFiles/CMakeTmp'
Makefile:127: recipe for target 'cmTC_ee555/fast' failed
make: *** [cmTC_ee555/fast] Error 2


Source file was:
#include <pthread.h>

static void* test_func(void* data)
{
  return data;
}

int main(void)
{
  pthread_t thread;
  pthread_create(&thread, NULL, test_func, NULL);
  pthread_detach(thread);
  pthread_cancel(thread);
  pthread_join(thread, NULL);
  pthread_atfork(NULL, NULL, NULL);
  pthread_exit(NULL);

  return 0;
}

Determining if the function pthread_create exists in the pthreads failed with the following output:
Change Dir: /home/john/Study/RGB_SLAM/rgbd_slam/part_IV/build/CMakeFiles/CMakeTmp

Run Build Command(s):/usr/bin/make -f Makefile cmTC_c2d49/fast && /usr/bin/make  -f CMakeFiles/cmTC_c2d49.dir/build.make CMakeFiles/cmTC_c2d49.dir/build
make[1]: Entering directory '/home/john/Study/RGB_SLAM/rgbd_slam/part_IV/build/CMakeFiles/CMakeTmp'
Building C object CMakeFiles/cmTC_c2d49.dir/CheckFunctionExists.c.o
/usr/bin/x86_64-linux-gnu-gcc-5   -DCHECK_FUNCTION_EXISTS=pthread_create -o CMakeFiles/cmTC_c2d49.dir/CheckFunctionExists.c.o -c /usr/local/share/cmake-3.21/Modules/CheckFunctionExists.c
Linking C executable cmTC_c2d49
/usr/local/bin/cmake -E cmake_link_script CMakeFiles/cmTC_c2d49.dir/link.txt --verbose=1
/usr/bin/x86_64-linux-gnu-gcc-5  -DCHECK_FUNCTION_EXISTS=pthread_create -rdynamic CMakeFiles/cmTC_c2d49.dir/CheckFunctionExists.c.o -o cmTC_c2d49  -lpthreads 
/usr/bin/ld: 找不到 -lpthreads
collect2: error: ld returned 1 exit status
CMakeFiles/cmTC_c2d49.dir/build.make:98: recipe for target 'cmTC_c2d49' failed
make[1]: *** [cmTC_c2d49] Error 1
make[1]: Leaving directory '/home/john/Study/RGB_SLAM/rgbd_slam/part_IV/build/CMakeFiles/CMakeTmp'
Makefile:127: recipe for target 'cmTC_c2d49/fast' failed
make: *** [cmTC_c2d49/fast] Error 2



